<?xml version="1.0" encoding="UTF-8"?>
<!-- Generated by org.testng.reporters.JUnitReportReporter -->
<testsuite hostname="DESKTOP-OEKIA9R" name="com.qa.hubspot.tests.LoginPageTest" tests="5" failures="0" timestamp="6 Nov 2019 20:14:36 GMT" time="116.964" errors="0">
  <testcase name="verifyLoginpageTitleTest" time="18.905" classname="com.qa.hubspot.tests.LoginPageTest"/>
  <testcase name="verifyprivacyPolicy" time="19.945" classname="com.qa.hubspot.tests.LoginPageTest"/>
  <testcase name="loginTestWithCorrectCredentials" time="29.337" classname="com.qa.hubspot.tests.LoginPageTest"/>
  <testcase name="loginTestWithInCorrectCredentials" time="29.408" classname="com.qa.hubspot.tests.LoginPageTest"/>
  <testcase name="verifySignUpLinkTest" time="19.369" classname="com.qa.hubspot.tests.LoginPageTest"/>
</testsuite> <!-- com.qa.hubspot.tests.LoginPageTest -->
