<?xml version="1.0" encoding="UTF-8"?>
<!-- Generated by org.testng.reporters.JUnitReportReporter -->
<testsuite hostname="DESKTOP-OEKIA9R" name="com.qa.hubspot.tests.LoginPageTestNPF" tests="1" failures="0" timestamp="24 Oct 2019 19:58:16 GMT" time="26.978" errors="0">
  <testcase name="verifySingUpLinkTest" time="26.978" classname="com.qa.hubspot.tests.LoginPageTestNPF"/>
</testsuite> <!-- com.qa.hubspot.tests.LoginPageTestNPF -->
