<?xml version="1.0" encoding="UTF-8"?>
<!-- Generated by org.testng.reporters.JUnitReportReporter -->
<testsuite hostname="DESKTOP-OEKIA9R" name="com.qa.hubspot.tests.HomePageTest" tests="3" failures="0" timestamp="12 Dec 2019 00:57:13 GMT" time="96.807" errors="0">
  <testcase name="verifyHomePageHeaderTest" time="38.362" classname="com.qa.hubspot.tests.HomePageTest"/>
  <testcase name="verifyHomepageTeamActivityTest" time="30.879" classname="com.qa.hubspot.tests.HomePageTest"/>
  <testcase name="verifyHomePageTitle" time="27.566" classname="com.qa.hubspot.tests.HomePageTest"/>
</testsuite> <!-- com.qa.hubspot.tests.HomePageTest -->
